<?xml version="1.0" encoding="UTF-8"?><testsuite errors="0" failures="1" name="agrgar productos a la bolsa" skipped="0" tests="1" time="37.6" timestamp="2022-08-12 11:29:04"><testcase name="agregar dos productos"><failure message="&#13;&#10;Expected: an element that is not visible&#13;&#10;     but: the element identified by [[ChromeDriver: chrome on WINDOWS (04793350bf89ffd75a17a77534d5c4ca)] -&gt; xpath: //button[@type='submit']] [INGRESAR] was visible" type="java.lang.AssertionError">&#13;
Expected: an element that is not visible&#13;
     but: the element identified by [[ChromeDriver: chrome on WINDOWS (04793350bf89ffd75a17a77534d5c4ca)] -&gt; xpath: //button[@type='submit']] [INGRESAR] was visible</failure><system-err>&#13;
Expected: an element that is not visible&#13;
     but: the element identified by [[ChromeDriver: chrome on WINDOWS (04793350bf89ffd75a17a77534d5c4ca)] -&gt; xpath: //button[@type='submit']] [INGRESAR] was visible&#13;
com.falabella.Task.AgregarProductosBolsa.performAs(AgregarProductosBolsa.java:29)&#13;
com.falabella.StepDefinitions.AgregarProductosBolsaStepDefinition.elUsuarioInicieSesion(AgregarProductosBolsaStepDefinition.java:29)&#13;
io.cucumber.java.Invoker.doInvoke(Invoker.java:66)&#13;
io.cucumber.java.Invoker.invoke(Invoker.java:24)&#13;
io.cucumber.java.AbstractGlueDefinition.invokeMethod(AbstractGlueDefinition.java:47)&#13;
io.cucumber.java.JavaStepDefinition.execute(JavaStepDefinition.java:29)&#13;
io.cucumber.core.runner.CoreStepDefinition.execute(CoreStepDefinition.java:66)&#13;
io.cucumber.core.runner.PickleStepDefinitionMatch.runStep(PickleStepDefinitionMatch.java:63)&#13;
io.cucumber.core.runner.TestStep.executeStep(TestStep.java:92)&#13;
io.cucumber.core.runner.TestStep.run(TestStep.java:64)&#13;
io.cucumber.core.runner.PickleStepTestStep.run(PickleStepTestStep.java:51)&#13;
io.cucumber.core.runner.TestCase.run(TestCase.java:104)&#13;
io.cucumber.core.runner.Runner.runPickle(Runner.java:71)&#13;
io.cucumber.junit.FeatureRunner.runChild(FeatureRunner.java:135)&#13;
io.cucumber.junit.FeatureRunner.runChild(FeatureRunner.java:27)&#13;
io.cucumber.junit.CucumberSerenityRunner.runChild(CucumberSerenityRunner.java:234)&#13;
io.cucumber.junit.CucumberSerenityRunner.runChild(CucumberSerenityRunner.java:57)&#13;
</system-err></testcase></testsuite>